2021-12-08 20:18:23.691 [background-preinit] INFO  org.hibernate.validator.internal.util.Version:21 - HV000001: Hibernate Validator 6.1.6.Final
2021-12-08 20:18:24.252 [main] INFO  org.jeecg.JeecgSystemApplication:55 - Starting JeecgSystemApplication v2.4.6 on Sike-TB with PID 51680 (D:\code\project\smart-system-server\jeecg-boot-module-system\target\jeecg-boot-module-system-2.4.6.jar started by sike in D:\code\project\smart-system-server\jeecg-boot-module-system\target)
2021-12-08 20:18:24.253 [main] INFO  org.jeecg.JeecgSystemApplication:655 - The following profiles are active: prod
2021-12-08 20:18:26.345 [background-preinit] WARN  o.s.h.converter.json.Jackson2ObjectMapperBuilder:127 - For Jackson Kotlin classes support please add "com.fasterxml.jackson.module:jackson-module-kotlin" to the classpath
2021-12-08 20:18:36.608 [main] INFO  o.s.d.r.config.RepositoryConfigurationDelegate:249 - Multiple Spring Data modules found, entering strict repository configuration mode!
2021-12-08 20:18:36.611 [main] INFO  o.s.d.r.config.RepositoryConfigurationDelegate:127 - Bootstrapping Spring Data Redis repositories in DEFAULT mode.
2021-12-08 20:18:36.929 [main] INFO  o.s.d.r.config.RepositoryConfigurationDelegate:187 - Finished Spring Data repository scanning in 303ms. Found 0 Redis repository interfaces.
2021-12-08 20:18:37.459 [main] INFO  o.j.minidao.auto.MinidaoAutoConfiguration:23 -  ******************* init miniDao config [ begin ] *********************** 
2021-12-08 20:18:37.459 [main] INFO  o.j.minidao.auto.MinidaoAutoConfiguration:25 -  ------ minidao.base-package ------- org.jeecg.modules.jmreport.*
2021-12-08 20:18:37.461 [main] INFO  o.j.minidao.auto.MinidaoAutoConfiguration:42 -  *******************  init miniDao config  [ end ] *********************** 
2021-12-08 20:18:37.603 [main] INFO  o.j.minidao.factory.MiniDaoClassPathMapperScanner:48 - register minidao name is { org.jeecg.modules.jmreport.desreport.dao.JimuReportDao }
2021-12-08 20:18:37.605 [main] INFO  o.j.minidao.factory.MiniDaoClassPathMapperScanner:48 - register minidao name is { org.jeecg.modules.jmreport.desreport.dao.JimuReportDataSourceDao }
2021-12-08 20:18:37.605 [main] INFO  o.j.minidao.factory.MiniDaoClassPathMapperScanner:48 - register minidao name is { org.jeecg.modules.jmreport.desreport.dao.JimuReportDbDao }
2021-12-08 20:18:37.606 [main] INFO  o.j.minidao.factory.MiniDaoClassPathMapperScanner:48 - register minidao name is { org.jeecg.modules.jmreport.desreport.dao.JimuReportDbFieldDao }
2021-12-08 20:18:37.606 [main] INFO  o.j.minidao.factory.MiniDaoClassPathMapperScanner:48 - register minidao name is { org.jeecg.modules.jmreport.desreport.dao.JimuReportDbParamDao }
2021-12-08 20:18:37.606 [main] INFO  o.j.minidao.factory.MiniDaoClassPathMapperScanner:48 - register minidao name is { org.jeecg.modules.jmreport.desreport.dao.JimuReportDictDao }
2021-12-08 20:18:37.607 [main] INFO  o.j.minidao.factory.MiniDaoClassPathMapperScanner:48 - register minidao name is { org.jeecg.modules.jmreport.desreport.dao.JimuReportDictItemDao }
2021-12-08 20:18:37.607 [main] INFO  o.j.minidao.factory.MiniDaoClassPathMapperScanner:48 - register minidao name is { org.jeecg.modules.jmreport.desreport.dao.JimuReportLinkDao }
2021-12-08 20:18:37.607 [main] INFO  o.j.minidao.factory.MiniDaoClassPathMapperScanner:48 - register minidao name is { org.jeecg.modules.jmreport.desreport.dao.JimuReportMapDao }
2021-12-08 20:18:37.608 [main] INFO  o.j.minidao.factory.MiniDaoClassPathMapperScanner:48 - register minidao name is { org.jeecg.modules.jmreport.desreport.dao.JimuReportShareDao }
2021-12-08 20:18:39.155 [main] INFO  o.s.c.s.PostProcessorRegistrationDelegate$BeanPostProcessorChecker:335 - Bean '(inner bean)#3e10dc6' of type [org.jeecgframework.minidao.aop.MiniDaoHandler] is not eligible for getting processed by all BeanPostProcessors (for example: not eligible for auto-proxying)
2021-12-08 20:18:39.176 [main] INFO  o.s.c.s.PostProcessorRegistrationDelegate$BeanPostProcessorChecker:335 - Bean 'jimuReportDao' of type [org.jeecgframework.minidao.factory.MiniDaoBeanFactory] is not eligible for getting processed by all BeanPostProcessors (for example: not eligible for auto-proxying)
2021-12-08 20:18:39.177 [main] INFO  o.s.c.s.PostProcessorRegistrationDelegate$BeanPostProcessorChecker:335 - Bean '(inner bean)#3e10dc6#1' of type [org.jeecgframework.minidao.aop.MiniDaoHandler] is not eligible for getting processed by all BeanPostProcessors (for example: not eligible for auto-proxying)
2021-12-08 20:18:39.179 [main] INFO  o.s.c.s.PostProcessorRegistrationDelegate$BeanPostProcessorChecker:335 - Bean 'jimuReportDataSourceDao' of type [org.jeecgframework.minidao.factory.MiniDaoBeanFactory] is not eligible for getting processed by all BeanPostProcessors (for example: not eligible for auto-proxying)
2021-12-08 20:18:39.180 [main] INFO  o.s.c.s.PostProcessorRegistrationDelegate$BeanPostProcessorChecker:335 - Bean '(inner bean)#3e10dc6#2' of type [org.jeecgframework.minidao.aop.MiniDaoHandler] is not eligible for getting processed by all BeanPostProcessors (for example: not eligible for auto-proxying)
2021-12-08 20:18:39.182 [main] INFO  o.s.c.s.PostProcessorRegistrationDelegate$BeanPostProcessorChecker:335 - Bean 'jimuReportDbDao' of type [org.jeecgframework.minidao.factory.MiniDaoBeanFactory] is not eligible for getting processed by all BeanPostProcessors (for example: not eligible for auto-proxying)
2021-12-08 20:18:39.183 [main] INFO  o.s.c.s.PostProcessorRegistrationDelegate$BeanPostProcessorChecker:335 - Bean '(inner bean)#3e10dc6#3' of type [org.jeecgframework.minidao.aop.MiniDaoHandler] is not eligible for getting processed by all BeanPostProcessors (for example: not eligible for auto-proxying)
2021-12-08 20:18:39.184 [main] INFO  o.s.c.s.PostProcessorRegistrationDelegate$BeanPostProcessorChecker:335 - Bean 'jimuReportDbFieldDao' of type [org.jeecgframework.minidao.factory.MiniDaoBeanFactory] is not eligible for getting processed by all BeanPostProcessors (for example: not eligible for auto-proxying)
2021-12-08 20:18:39.186 [main] INFO  o.s.c.s.PostProcessorRegistrationDelegate$BeanPostProcessorChecker:335 - Bean '(inner bean)#3e10dc6#4' of type [org.jeecgframework.minidao.aop.MiniDaoHandler] is not eligible for getting processed by all BeanPostProcessors (for example: not eligible for auto-proxying)
2021-12-08 20:18:39.188 [main] INFO  o.s.c.s.PostProcessorRegistrationDelegate$BeanPostProcessorChecker:335 - Bean 'jimuReportDbParamDao' of type [org.jeecgframework.minidao.factory.MiniDaoBeanFactory] is not eligible for getting processed by all BeanPostProcessors (for example: not eligible for auto-proxying)
2021-12-08 20:18:39.191 [main] INFO  o.s.c.s.PostProcessorRegistrationDelegate$BeanPostProcessorChecker:335 - Bean '(inner bean)#3e10dc6#5' of type [org.jeecgframework.minidao.aop.MiniDaoHandler] is not eligible for getting processed by all BeanPostProcessors (for example: not eligible for auto-proxying)
2021-12-08 20:18:39.193 [main] INFO  o.s.c.s.PostProcessorRegistrationDelegate$BeanPostProcessorChecker:335 - Bean 'jimuReportDictDao' of type [org.jeecgframework.minidao.factory.MiniDaoBeanFactory] is not eligible for getting processed by all BeanPostProcessors (for example: not eligible for auto-proxying)
2021-12-08 20:18:39.194 [main] INFO  o.s.c.s.PostProcessorRegistrationDelegate$BeanPostProcessorChecker:335 - Bean '(inner bean)#3e10dc6#6' of type [org.jeecgframework.minidao.aop.MiniDaoHandler] is not eligible for getting processed by all BeanPostProcessors (for example: not eligible for auto-proxying)
2021-12-08 20:18:39.195 [main] INFO  o.s.c.s.PostProcessorRegistrationDelegate$BeanPostProcessorChecker:335 - Bean 'jimuReportDictItemDao' of type [org.jeecgframework.minidao.factory.MiniDaoBeanFactory] is not eligible for getting processed by all BeanPostProcessors (for example: not eligible for auto-proxying)
2021-12-08 20:18:39.197 [main] INFO  o.s.c.s.PostProcessorRegistrationDelegate$BeanPostProcessorChecker:335 - Bean '(inner bean)#3e10dc6#7' of type [org.jeecgframework.minidao.aop.MiniDaoHandler] is not eligible for getting processed by all BeanPostProcessors (for example: not eligible for auto-proxying)
2021-12-08 20:18:39.198 [main] INFO  o.s.c.s.PostProcessorRegistrationDelegate$BeanPostProcessorChecker:335 - Bean 'jimuReportLinkDao' of type [org.jeecgframework.minidao.factory.MiniDaoBeanFactory] is not eligible for getting processed by all BeanPostProcessors (for example: not eligible for auto-proxying)
2021-12-08 20:18:39.200 [main] INFO  o.s.c.s.PostProcessorRegistrationDelegate$BeanPostProcessorChecker:335 - Bean '(inner bean)#3e10dc6#8' of type [org.jeecgframework.minidao.aop.MiniDaoHandler] is not eligible for getting processed by all BeanPostProcessors (for example: not eligible for auto-proxying)
2021-12-08 20:18:39.202 [main] INFO  o.s.c.s.PostProcessorRegistrationDelegate$BeanPostProcessorChecker:335 - Bean 'jimuReportMapDao' of type [org.jeecgframework.minidao.factory.MiniDaoBeanFactory] is not eligible for getting processed by all BeanPostProcessors (for example: not eligible for auto-proxying)
2021-12-08 20:18:39.204 [main] INFO  o.s.c.s.PostProcessorRegistrationDelegate$BeanPostProcessorChecker:335 - Bean '(inner bean)#3e10dc6#9' of type [org.jeecgframework.minidao.aop.MiniDaoHandler] is not eligible for getting processed by all BeanPostProcessors (for example: not eligible for auto-proxying)
2021-12-08 20:18:39.205 [main] INFO  o.s.c.s.PostProcessorRegistrationDelegate$BeanPostProcessorChecker:335 - Bean 'jimuReportShareDao' of type [org.jeecgframework.minidao.factory.MiniDaoBeanFactory] is not eligible for getting processed by all BeanPostProcessors (for example: not eligible for auto-proxying)
2021-12-08 20:18:39.280 [main] INFO  o.s.c.s.PostProcessorRegistrationDelegate$BeanPostProcessorChecker:335 - Bean 'spring.redis-org.springframework.boot.autoconfigure.data.redis.RedisProperties' of type [org.springframework.boot.autoconfigure.data.redis.RedisProperties] is not eligible for getting processed by all BeanPostProcessors (for example: not eligible for auto-proxying)
2021-12-08 20:18:39.288 [main] INFO  o.s.c.s.PostProcessorRegistrationDelegate$BeanPostProcessorChecker:335 - Bean 'org.springframework.boot.autoconfigure.data.redis.LettuceConnectionConfiguration' of type [org.springframework.boot.autoconfigure.data.redis.LettuceConnectionConfiguration] is not eligible for getting processed by all BeanPostProcessors (for example: not eligible for auto-proxying)
2021-12-08 20:18:39.761 [main] INFO  o.s.c.s.PostProcessorRegistrationDelegate$BeanPostProcessorChecker:335 - Bean 'lettuceClientResources' of type [io.lettuce.core.resource.DefaultClientResources] is not eligible for getting processed by all BeanPostProcessors (for example: not eligible for auto-proxying)
2021-12-08 20:18:39.981 [main] INFO  o.s.c.s.PostProcessorRegistrationDelegate$BeanPostProcessorChecker:335 - Bean 'redisConnectionFactory' of type [org.springframework.data.redis.connection.lettuce.LettuceConnectionFactory] is not eligible for getting processed by all BeanPostProcessors (for example: not eligible for auto-proxying)
2021-12-08 20:18:39.984 [main] INFO  o.s.c.s.PostProcessorRegistrationDelegate$BeanPostProcessorChecker:335 - Bean 'shiroConfig' of type [org.jeecg.config.shiro.ShiroConfig$$EnhancerBySpringCGLIB$$64dd0185] is not eligible for getting processed by all BeanPostProcessors (for example: not eligible for auto-proxying)
2021-12-08 20:18:40.133 [main] INFO  o.s.c.s.PostProcessorRegistrationDelegate$BeanPostProcessorChecker:335 - Bean 'shiroRealm' of type [org.jeecg.config.shiro.ShiroRealm] is not eligible for getting processed by all BeanPostProcessors (for example: not eligible for auto-proxying)
2021-12-08 20:18:40.846 [main] INFO  org.jeecg.config.shiro.ShiroConfig:219 - ===============(1)创建缓存管理器RedisCacheManager
2021-12-08 20:18:40.869 [main] INFO  org.jeecg.config.shiro.ShiroConfig:237 - ===============(2)创建RedisManager,连接Redis..
2021-12-08 20:18:40.896 [main] INFO  o.s.c.s.PostProcessorRegistrationDelegate$BeanPostProcessorChecker:335 - Bean 'redisManager' of type [org.crazycake.shiro.RedisManager] is not eligible for getting processed by all BeanPostProcessors (for example: not eligible for auto-proxying)
2021-12-08 20:18:40.902 [main] INFO  o.s.c.s.PostProcessorRegistrationDelegate$BeanPostProcessorChecker:335 - Bean 'securityManager' of type [org.apache.shiro.web.mgt.DefaultWebSecurityManager] is not eligible for getting processed by all BeanPostProcessors (for example: not eligible for auto-proxying)
2021-12-08 20:18:41.137 [main] INFO  o.s.c.s.PostProcessorRegistrationDelegate$BeanPostProcessorChecker:335 - Bean 'authorizationAttributeSourceAdvisor' of type [org.apache.shiro.spring.security.interceptor.AuthorizationAttributeSourceAdvisor] is not eligible for getting processed by all BeanPostProcessors (for example: not eligible for auto-proxying)
2021-12-08 20:18:41.970 [main] INFO  o.s.c.s.PostProcessorRegistrationDelegate$BeanPostProcessorChecker:335 - Bean 'spring.datasource.dynamic-com.baomidou.dynamic.datasource.spring.boot.autoconfigure.DynamicDataSourceProperties' of type [com.baomidou.dynamic.datasource.spring.boot.autoconfigure.DynamicDataSourceProperties] is not eligible for getting processed by all BeanPostProcessors (for example: not eligible for auto-proxying)
2021-12-08 20:18:41.977 [main] INFO  o.s.c.s.PostProcessorRegistrationDelegate$BeanPostProcessorChecker:335 - Bean 'com.baomidou.dynamic.datasource.spring.boot.autoconfigure.DynamicDataSourceAutoConfiguration' of type [com.baomidou.dynamic.datasource.spring.boot.autoconfigure.DynamicDataSourceAutoConfiguration$$EnhancerBySpringCGLIB$$6f2f2a5d] is not eligible for getting processed by all BeanPostProcessors (for example: not eligible for auto-proxying)
2021-12-08 20:18:41.986 [main] INFO  o.s.c.s.PostProcessorRegistrationDelegate$BeanPostProcessorChecker:335 - Bean 'dsProcessor' of type [com.baomidou.dynamic.datasource.processor.DsHeaderProcessor] is not eligible for getting processed by all BeanPostProcessors (for example: not eligible for auto-proxying)
2021-12-08 20:18:42.024 [main] INFO  o.s.c.s.PostProcessorRegistrationDelegate$BeanPostProcessorChecker:335 - Bean 'redisConfig' of type [org.jeecg.common.modules.redis.config.RedisConfig$$EnhancerBySpringCGLIB$$823f11b5] is not eligible for getting processed by all BeanPostProcessors (for example: not eligible for auto-proxying)
2021-12-08 20:18:42.095 [main] INFO  o.s.c.s.PostProcessorRegistrationDelegate$BeanPostProcessorChecker:335 - Bean 'org.apache.shiro.spring.boot.autoconfigure.ShiroBeanAutoConfiguration' of type [org.apache.shiro.spring.boot.autoconfigure.ShiroBeanAutoConfiguration$$EnhancerBySpringCGLIB$$18b9973c] is not eligible for getting processed by all BeanPostProcessors (for example: not eligible for auto-proxying)
2021-12-08 20:18:42.105 [main] INFO  o.s.c.s.PostProcessorRegistrationDelegate$BeanPostProcessorChecker:335 - Bean 'eventBus' of type [org.apache.shiro.event.support.DefaultEventBus] is not eligible for getting processed by all BeanPostProcessors (for example: not eligible for auto-proxying)
2021-12-08 20:18:43.050 [main] INFO  o.s.boot.web.embedded.tomcat.TomcatWebServer:108 - Tomcat initialized with port(s): 8080 (http)
2021-12-08 20:18:43.071 [main] INFO  org.apache.coyote.http11.Http11NioProtocol:173 - Initializing ProtocolHandler ["http-nio-8080"]
2021-12-08 20:18:43.072 [main] INFO  org.apache.catalina.core.StandardService:173 - Starting service [Tomcat]
2021-12-08 20:18:43.073 [main] INFO  org.apache.catalina.core.StandardEngine:173 - Starting Servlet engine: [Apache Tomcat/9.0.39]
2021-12-08 20:18:43.317 [main] INFO  o.a.c.c.C.[Tomcat].[localhost].[/smart-system]:173 - Initializing Spring embedded WebApplicationContext
2021-12-08 20:18:43.318 [main] INFO  o.s.b.w.s.c.ServletWebServerApplicationContext:285 - Root WebApplicationContext: initialization completed in 18789 ms
2021-12-08 20:18:50.755 [main] INFO  com.alibaba.druid.pool.DruidDataSource:994 - {dataSource-1,master} inited
2021-12-08 20:18:50.757 [main] INFO  c.b.dynamic.datasource.DynamicRoutingDataSource:132 - dynamic-datasource - load a datasource named [master] success
2021-12-08 20:18:50.757 [main] INFO  c.b.dynamic.datasource.DynamicRoutingDataSource:237 - dynamic-datasource initial loaded [1] datasource,primary datasource named [master]
2021-12-08 20:18:57.646 [main] INFO  org.jeecg.common.modules.redis.config.RedisConfig:76 -  --- redis config init --- 
2021-12-08 20:19:00.379 [main] INFO  org.quartz.impl.StdSchedulerFactory:1220 - Using default implementation for ThreadExecutor
2021-12-08 20:19:00.396 [main] INFO  org.quartz.simpl.SimpleThreadPool:268 - Job execution threads will use class loader of thread: main
2021-12-08 20:19:00.438 [main] INFO  org.quartz.core.SchedulerSignalerImpl:61 - Initialized Scheduler Signaller of type: class org.quartz.core.SchedulerSignalerImpl
2021-12-08 20:19:00.439 [main] INFO  org.quartz.core.QuartzScheduler:229 - Quartz Scheduler v.2.3.2 created.
2021-12-08 20:19:00.444 [main] INFO  o.s.scheduling.quartz.LocalDataSourceJobStore:672 - Using db table-based data access locking (synchronization).
2021-12-08 20:19:00.447 [main] INFO  o.s.scheduling.quartz.LocalDataSourceJobStore:145 - JobStoreCMT initialized.
2021-12-08 20:19:00.448 [main] INFO  org.quartz.core.QuartzScheduler:294 - Scheduler meta-data: Quartz Scheduler (v2.3.2) 'MyScheduler' with instanceId 'Sike-TB1638965940395'
  Scheduler class: 'org.quartz.core.QuartzScheduler' - running locally.
  NOT STARTED.
  Currently in standby mode.
  Number of jobs executed: 0
  Using thread pool 'org.quartz.simpl.SimpleThreadPool' - with 10 threads.
  Using job-store 'org.springframework.scheduling.quartz.LocalDataSourceJobStore' - which supports persistence. and is clustered.

2021-12-08 20:19:00.449 [main] INFO  org.quartz.impl.StdSchedulerFactory:1374 - Quartz scheduler 'MyScheduler' initialized from an externally provided properties instance.
2021-12-08 20:19:00.449 [main] INFO  org.quartz.impl.StdSchedulerFactory:1378 - Quartz scheduler version: 2.3.2
2021-12-08 20:19:00.450 [main] INFO  org.quartz.core.QuartzScheduler:2293 - JobFactory set to: org.springframework.scheduling.quartz.SpringBeanJobFactory@60737b23
2021-12-08 20:19:02.179 [main] INFO  o.j.m.jmreport.config.JimuReportConfiguration:55 -  --- Init JimuReport Config --- 
2021-12-08 20:19:07.869 [main] INFO  o.s.b.actuate.endpoint.web.EndpointLinksResolver:58 - Exposing 2 endpoint(s) beneath base path '/actuator'
2021-12-08 20:19:08.046 [main] INFO  org.jeecg.config.init.CodeGenerateDbConfig:46 -  代码生成器数据库连接，使用application.yml的DB配置 ###################
2021-12-08 20:19:08.108 [main] INFO  s.d.s.w.WebMvcPropertySourcedRequestMappingHandlerMapping:69 - Mapped URL path [/v2/api-docs] onto method [springfox.documentation.swagger2.web.Swagger2ControllerWebMvc#getDocumentation(String, HttpServletRequest)]
2021-12-08 20:19:08.231 [main] INFO  o.j.modules.jmreport.config.JmReportExecutorConfig:21 - ---创建线程池---
2021-12-08 20:19:08.234 [main] INFO  o.s.scheduling.concurrent.ThreadPoolTaskExecutor:181 - Initializing ExecutorService
2021-12-08 20:19:08.235 [main] INFO  o.s.scheduling.concurrent.ThreadPoolTaskExecutor:181 - Initializing ExecutorService 'jmReportTaskExecutor'
2021-12-08 20:19:10.500 [main] INFO  o.s.scheduling.concurrent.ThreadPoolTaskScheduler:181 - Initializing ExecutorService 'taskScheduler'
2021-12-08 20:19:10.611 [main] INFO  org.apache.coyote.http11.Http11NioProtocol:173 - Starting ProtocolHandler ["http-nio-8080"]
2021-12-08 20:19:10.727 [main] INFO  o.s.boot.web.embedded.tomcat.TomcatWebServer:220 - Tomcat started on port(s): 8080 (http) with context path '/smart-system'
2021-12-08 20:19:10.728 [main] INFO  s.d.s.web.plugins.DocumentationPluginsBootstrapper:93 - Documentation plugins bootstrapped
2021-12-08 20:19:10.732 [main] INFO  s.d.s.web.plugins.DocumentationPluginsBootstrapper:79 - Found 1 custom documentation plugin(s)
2021-12-08 20:19:11.131 [main] INFO  s.d.spring.web.scanners.ApiListingReferenceScanner:44 - Scanning for api listing references
2021-12-08 20:19:11.383 [main] INFO  s.d.s.w.r.operation.CachingOperationNameGenerator:41 - Generating unique operation named: queryPageListUsingGET_1
2021-12-08 20:19:11.397 [main] INFO  s.d.s.w.r.operation.CachingOperationNameGenerator:41 - Generating unique operation named: addUsingPOST_1
2021-12-08 20:19:11.399 [main] INFO  s.d.s.w.r.operation.CachingOperationNameGenerator:41 - Generating unique operation named: deleteUsingDELETE_1
2021-12-08 20:19:11.401 [main] INFO  s.d.s.w.r.operation.CachingOperationNameGenerator:41 - Generating unique operation named: deleteBatchUsingDELETE_1
2021-12-08 20:19:11.404 [main] INFO  s.d.s.w.r.operation.CachingOperationNameGenerator:41 - Generating unique operation named: editUsingPUT_1
2021-12-08 20:19:11.406 [main] INFO  s.d.s.w.r.operation.CachingOperationNameGenerator:41 - Generating unique operation named: queryByIdUsingGET_1
2021-12-08 20:19:11.414 [main] INFO  s.d.s.w.r.operation.CachingOperationNameGenerator:41 - Generating unique operation named: queryPageListUsingGET_2
2021-12-08 20:19:11.424 [main] INFO  s.d.s.w.r.operation.CachingOperationNameGenerator:41 - Generating unique operation named: addUsingPOST_2
2021-12-08 20:19:11.430 [main] INFO  s.d.s.w.r.operation.CachingOperationNameGenerator:41 - Generating unique operation named: editUsingPUT_2
2021-12-08 20:19:11.444 [main] INFO  s.d.s.w.r.operation.CachingOperationNameGenerator:41 - Generating unique operation named: queryPageListUsingGET_3
2021-12-08 20:19:11.467 [main] INFO  s.d.s.w.r.operation.CachingOperationNameGenerator:41 - Generating unique operation named: addUsingPOST_3
2021-12-08 20:19:11.470 [main] INFO  s.d.s.w.r.operation.CachingOperationNameGenerator:41 - Generating unique operation named: deleteUsingDELETE_2
2021-12-08 20:19:11.473 [main] INFO  s.d.s.w.r.operation.CachingOperationNameGenerator:41 - Generating unique operation named: deleteBatchUsingDELETE_2
2021-12-08 20:19:11.475 [main] INFO  s.d.s.w.r.operation.CachingOperationNameGenerator:41 - Generating unique operation named: editUsingPUT_3
2021-12-08 20:19:11.489 [main] INFO  s.d.s.w.r.operation.CachingOperationNameGenerator:41 - Generating unique operation named: queryByIdUsingGET_2
2021-12-08 20:19:11.587 [main] INFO  s.d.s.w.r.operation.CachingOperationNameGenerator:41 - Generating unique operation named: loginUsingPOST_1
2021-12-08 20:19:11.643 [main] INFO  s.d.s.w.r.operation.CachingOperationNameGenerator:41 - Generating unique operation named: addUsingPOST_4
2021-12-08 20:19:11.646 [main] INFO  s.d.s.w.r.operation.CachingOperationNameGenerator:41 - Generating unique operation named: deleteUsingDELETE_3
2021-12-08 20:19:11.648 [main] INFO  s.d.s.w.r.operation.CachingOperationNameGenerator:41 - Generating unique operation named: deleteBatchUsingDELETE_3
2021-12-08 20:19:11.651 [main] INFO  s.d.s.w.r.operation.CachingOperationNameGenerator:41 - Generating unique operation named: editUsingPUT_4
2021-12-08 20:19:11.657 [main] INFO  s.d.s.w.r.operation.CachingOperationNameGenerator:41 - Generating unique operation named: editUsingPUT_5
2021-12-08 20:19:11.659 [main] INFO  s.d.s.w.r.operation.CachingOperationNameGenerator:41 - Generating unique operation named: queryByIdUsingGET_3
2021-12-08 20:19:11.667 [main] INFO  s.d.s.w.r.operation.CachingOperationNameGenerator:41 - Generating unique operation named: queryPageListUsingGET_4
2021-12-08 20:19:11.702 [main] INFO  s.d.s.w.r.operation.CachingOperationNameGenerator:41 - Generating unique operation named: addUsingPOST_5
2021-12-08 20:19:11.704 [main] INFO  s.d.s.w.r.operation.CachingOperationNameGenerator:41 - Generating unique operation named: deleteUsingDELETE_4
2021-12-08 20:19:11.706 [main] INFO  s.d.s.w.r.operation.CachingOperationNameGenerator:41 - Generating unique operation named: deleteBatchUsingDELETE_4
2021-12-08 20:19:11.709 [main] INFO  s.d.s.w.r.operation.CachingOperationNameGenerator:41 - Generating unique operation named: editUsingPUT_6
2021-12-08 20:19:11.712 [main] INFO  s.d.s.w.r.operation.CachingOperationNameGenerator:41 - Generating unique operation named: editUsingPUT_7
2021-12-08 20:19:11.714 [main] INFO  s.d.s.w.r.operation.CachingOperationNameGenerator:41 - Generating unique operation named: queryByIdUsingGET_4
2021-12-08 20:19:11.720 [main] INFO  s.d.s.w.r.operation.CachingOperationNameGenerator:41 - Generating unique operation named: queryPageListUsingGET_5
2021-12-08 20:19:11.732 [main] INFO  s.d.s.w.r.operation.CachingOperationNameGenerator:41 - Generating unique operation named: addUsingPOST_6
2021-12-08 20:19:11.734 [main] INFO  s.d.s.w.r.operation.CachingOperationNameGenerator:41 - Generating unique operation named: deleteUsingDELETE_5
2021-12-08 20:19:11.736 [main] INFO  s.d.s.w.r.operation.CachingOperationNameGenerator:41 - Generating unique operation named: deleteBatchUsingDELETE_5
2021-12-08 20:19:11.739 [main] INFO  s.d.s.w.r.operation.CachingOperationNameGenerator:41 - Generating unique operation named: editUsingPUT_8
2021-12-08 20:19:11.741 [main] INFO  s.d.s.w.r.operation.CachingOperationNameGenerator:41 - Generating unique operation named: queryByIdUsingGET_5
2021-12-08 20:19:11.747 [main] INFO  s.d.s.w.r.operation.CachingOperationNameGenerator:41 - Generating unique operation named: queryPageListUsingGET_6
2021-12-08 20:19:11.772 [main] INFO  s.d.s.w.r.operation.CachingOperationNameGenerator:41 - Generating unique operation named: addUsingPOST_7
2021-12-08 20:19:11.776 [main] INFO  s.d.s.w.r.operation.CachingOperationNameGenerator:41 - Generating unique operation named: deleteUsingDELETE_6
2021-12-08 20:19:11.780 [main] INFO  s.d.s.w.r.operation.CachingOperationNameGenerator:41 - Generating unique operation named: deleteBatchUsingDELETE_6
2021-12-08 20:19:11.787 [main] INFO  s.d.s.w.r.operation.CachingOperationNameGenerator:41 - Generating unique operation named: editUsingPUT_9
2021-12-08 20:19:11.791 [main] INFO  s.d.s.w.r.operation.CachingOperationNameGenerator:41 - Generating unique operation named: queryByIdUsingGET_6
2021-12-08 20:19:11.800 [main] INFO  s.d.s.w.r.operation.CachingOperationNameGenerator:41 - Generating unique operation named: queryPageListUsingGET_7
2021-12-08 20:19:11.829 [main] INFO  s.d.s.w.r.operation.CachingOperationNameGenerator:41 - Generating unique operation named: addUsingPOST_8
2021-12-08 20:19:11.832 [main] INFO  s.d.s.w.r.operation.CachingOperationNameGenerator:41 - Generating unique operation named: deleteUsingDELETE_7
2021-12-08 20:19:11.835 [main] INFO  s.d.s.w.r.operation.CachingOperationNameGenerator:41 - Generating unique operation named: deleteBatchUsingDELETE_7
2021-12-08 20:19:11.838 [main] INFO  s.d.s.w.r.operation.CachingOperationNameGenerator:41 - Generating unique operation named: downloadCountUsingPUT_1
2021-12-08 20:19:11.841 [main] INFO  s.d.s.w.r.operation.CachingOperationNameGenerator:41 - Generating unique operation named: editUsingPUT_10
2021-12-08 20:19:11.844 [main] INFO  s.d.s.w.r.operation.CachingOperationNameGenerator:41 - Generating unique operation named: queryByIdUsingGET_7
2021-12-08 20:19:11.852 [main] INFO  s.d.s.w.r.operation.CachingOperationNameGenerator:41 - Generating unique operation named: queryPageListUsingGET_8
2021-12-08 20:19:11.867 [main] INFO  s.d.s.w.r.operation.CachingOperationNameGenerator:41 - Generating unique operation named: addUsingPOST_9
2021-12-08 20:19:11.869 [main] INFO  s.d.s.w.r.operation.CachingOperationNameGenerator:41 - Generating unique operation named: deleteUsingDELETE_8
2021-12-08 20:19:11.872 [main] INFO  s.d.s.w.r.operation.CachingOperationNameGenerator:41 - Generating unique operation named: deleteBatchUsingDELETE_8
2021-12-08 20:19:11.875 [main] INFO  s.d.s.w.r.operation.CachingOperationNameGenerator:41 - Generating unique operation named: editUsingPUT_11
2021-12-08 20:19:11.877 [main] INFO  s.d.s.w.r.operation.CachingOperationNameGenerator:41 - Generating unique operation named: queryByIdUsingGET_8
2021-12-08 20:19:11.886 [main] INFO  s.d.s.w.r.operation.CachingOperationNameGenerator:41 - Generating unique operation named: queryPageListUsingGET_9
2021-12-08 20:19:11.918 [main] INFO  s.d.s.w.r.operation.CachingOperationNameGenerator:41 - Generating unique operation named: addUsingPOST_10
2021-12-08 20:19:11.920 [main] INFO  s.d.s.w.r.operation.CachingOperationNameGenerator:41 - Generating unique operation named: deleteUsingDELETE_9
2021-12-08 20:19:11.922 [main] INFO  s.d.s.w.r.operation.CachingOperationNameGenerator:41 - Generating unique operation named: deleteBatchUsingDELETE_9
2021-12-08 20:19:11.925 [main] INFO  s.d.s.w.r.operation.CachingOperationNameGenerator:41 - Generating unique operation named: editUsingPUT_12
2021-12-08 20:19:11.927 [main] INFO  s.d.s.w.r.operation.CachingOperationNameGenerator:41 - Generating unique operation named: queryByIdUsingGET_9
2021-12-08 20:19:11.933 [main] INFO  s.d.s.w.r.operation.CachingOperationNameGenerator:41 - Generating unique operation named: queryPageListUsingGET_10
2021-12-08 20:19:11.950 [main] INFO  s.d.s.w.r.operation.CachingOperationNameGenerator:41 - Generating unique operation named: addUsingPOST_11
2021-12-08 20:19:11.952 [main] INFO  s.d.s.w.r.operation.CachingOperationNameGenerator:41 - Generating unique operation named: deleteUsingDELETE_10
2021-12-08 20:19:11.954 [main] INFO  s.d.s.w.r.operation.CachingOperationNameGenerator:41 - Generating unique operation named: deleteBatchUsingDELETE_10
2021-12-08 20:19:11.956 [main] INFO  s.d.s.w.r.operation.CachingOperationNameGenerator:41 - Generating unique operation named: downloadCountUsingPUT_2
2021-12-08 20:19:11.957 [main] INFO  s.d.s.w.r.operation.CachingOperationNameGenerator:41 - Generating unique operation named: editUsingPUT_13
2021-12-08 20:19:11.959 [main] INFO  s.d.s.w.r.operation.CachingOperationNameGenerator:41 - Generating unique operation named: queryByIdUsingGET_10
2021-12-08 20:19:11.965 [main] INFO  s.d.s.w.r.operation.CachingOperationNameGenerator:41 - Generating unique operation named: queryPageListUsingGET_11
2021-12-08 20:19:11.978 [main] INFO  s.d.s.w.r.operation.CachingOperationNameGenerator:41 - Generating unique operation named: addUsingPOST_12
2021-12-08 20:19:11.980 [main] INFO  s.d.s.w.r.operation.CachingOperationNameGenerator:41 - Generating unique operation named: deleteUsingDELETE_11
2021-12-08 20:19:11.982 [main] INFO  s.d.s.w.r.operation.CachingOperationNameGenerator:41 - Generating unique operation named: deleteBatchUsingDELETE_11
2021-12-08 20:19:11.984 [main] INFO  s.d.s.w.r.operation.CachingOperationNameGenerator:41 - Generating unique operation named: editUsingPUT_14
2021-12-08 20:19:11.985 [main] INFO  s.d.s.w.r.operation.CachingOperationNameGenerator:41 - Generating unique operation named: queryByIdUsingGET_11
2021-12-08 20:19:11.992 [main] INFO  s.d.s.w.r.operation.CachingOperationNameGenerator:41 - Generating unique operation named: queryPageListUsingGET_12
2021-12-08 20:19:11.999 [main] INFO  s.d.s.w.r.operation.CachingOperationNameGenerator:41 - Generating unique operation named: addUsingPOST_13
2021-12-08 20:19:12.001 [main] INFO  s.d.s.w.r.operation.CachingOperationNameGenerator:41 - Generating unique operation named: deleteUsingDELETE_12
2021-12-08 20:19:12.003 [main] INFO  s.d.s.w.r.operation.CachingOperationNameGenerator:41 - Generating unique operation named: deleteBatchUsingDELETE_12
2021-12-08 20:19:12.005 [main] INFO  s.d.s.w.r.operation.CachingOperationNameGenerator:41 - Generating unique operation named: editUsingPUT_15
2021-12-08 20:19:12.007 [main] INFO  s.d.s.w.r.operation.CachingOperationNameGenerator:41 - Generating unique operation named: queryByIdUsingGET_12
2021-12-08 20:19:12.011 [main] INFO  s.d.s.w.r.operation.CachingOperationNameGenerator:41 - Generating unique operation named: queryPageListUsingGET_13
2021-12-08 20:19:12.030 [main] INFO  s.d.s.w.r.operation.CachingOperationNameGenerator:41 - Generating unique operation named: addUsingPOST_14
2021-12-08 20:19:12.032 [main] INFO  s.d.s.w.r.operation.CachingOperationNameGenerator:41 - Generating unique operation named: deleteUsingDELETE_13
2021-12-08 20:19:12.034 [main] INFO  s.d.s.w.r.operation.CachingOperationNameGenerator:41 - Generating unique operation named: deleteBatchUsingDELETE_13
2021-12-08 20:19:12.037 [main] INFO  s.d.s.w.r.operation.CachingOperationNameGenerator:41 - Generating unique operation named: editUsingPUT_16
2021-12-08 20:19:12.040 [main] INFO  s.d.s.w.r.operation.CachingOperationNameGenerator:41 - Generating unique operation named: editUsingPUT_17
2021-12-08 20:19:12.042 [main] INFO  s.d.s.w.r.operation.CachingOperationNameGenerator:41 - Generating unique operation named: queryByIdUsingGET_13
2021-12-08 20:19:12.048 [main] INFO  s.d.s.w.r.operation.CachingOperationNameGenerator:41 - Generating unique operation named: queryPageListUsingGET_14
2021-12-08 20:19:12.059 [main] INFO  s.d.s.w.r.operation.CachingOperationNameGenerator:41 - Generating unique operation named: addUsingPOST_15
2021-12-08 20:19:12.062 [main] INFO  s.d.s.w.r.operation.CachingOperationNameGenerator:41 - Generating unique operation named: deleteUsingDELETE_14
2021-12-08 20:19:12.064 [main] INFO  s.d.s.w.r.operation.CachingOperationNameGenerator:41 - Generating unique operation named: deleteBatchUsingDELETE_14
2021-12-08 20:19:12.066 [main] INFO  s.d.s.w.r.operation.CachingOperationNameGenerator:41 - Generating unique operation named: editUsingPUT_18
2021-12-08 20:19:12.068 [main] INFO  s.d.s.w.r.operation.CachingOperationNameGenerator:41 - Generating unique operation named: queryByIdUsingGET_14
2021-12-08 20:19:12.073 [main] INFO  s.d.s.w.r.operation.CachingOperationNameGenerator:41 - Generating unique operation named: queryPageListUsingGET_15
2021-12-08 20:19:12.079 [main] INFO  s.d.s.w.r.operation.CachingOperationNameGenerator:41 - Generating unique operation named: addUsingPOST_16
2021-12-08 20:19:12.081 [main] INFO  s.d.s.w.r.operation.CachingOperationNameGenerator:41 - Generating unique operation named: deleteUsingDELETE_15
2021-12-08 20:19:12.083 [main] INFO  s.d.s.w.r.operation.CachingOperationNameGenerator:41 - Generating unique operation named: deleteBatchUsingDELETE_15
2021-12-08 20:19:12.085 [main] INFO  s.d.s.w.r.operation.CachingOperationNameGenerator:41 - Generating unique operation named: editUsingPUT_19
2021-12-08 20:19:12.087 [main] INFO  s.d.s.w.r.operation.CachingOperationNameGenerator:41 - Generating unique operation named: queryByIdUsingGET_15
2021-12-08 20:19:12.091 [main] INFO  s.d.s.w.r.operation.CachingOperationNameGenerator:41 - Generating unique operation named: queryPageListUsingGET_16
2021-12-08 20:19:12.097 [main] INFO  s.d.s.w.r.operation.CachingOperationNameGenerator:41 - Generating unique operation named: addUsingPOST_17
2021-12-08 20:19:12.099 [main] INFO  s.d.s.w.r.operation.CachingOperationNameGenerator:41 - Generating unique operation named: deleteUsingDELETE_16
2021-12-08 20:19:12.101 [main] INFO  s.d.s.w.r.operation.CachingOperationNameGenerator:41 - Generating unique operation named: deleteBatchUsingDELETE_16
2021-12-08 20:19:12.103 [main] INFO  s.d.s.w.r.operation.CachingOperationNameGenerator:41 - Generating unique operation named: editUsingPUT_20
2021-12-08 20:19:12.104 [main] INFO  s.d.s.w.r.operation.CachingOperationNameGenerator:41 - Generating unique operation named: queryByIdUsingGET_16
2021-12-08 20:19:12.109 [main] INFO  s.d.s.w.r.operation.CachingOperationNameGenerator:41 - Generating unique operation named: queryPageListUsingGET_17
2021-12-08 20:19:12.121 [main] INFO  s.d.s.w.r.operation.CachingOperationNameGenerator:41 - Generating unique operation named: addUsingPOST_18
2021-12-08 20:19:12.123 [main] INFO  s.d.s.w.r.operation.CachingOperationNameGenerator:41 - Generating unique operation named: deleteUsingDELETE_17
2021-12-08 20:19:12.124 [main] INFO  s.d.s.w.r.operation.CachingOperationNameGenerator:41 - Generating unique operation named: deleteBatchUsingDELETE_17
2021-12-08 20:19:12.126 [main] INFO  s.d.s.w.r.operation.CachingOperationNameGenerator:41 - Generating unique operation named: downloadCountUsingPUT_3
2021-12-08 20:19:12.128 [main] INFO  s.d.s.w.r.operation.CachingOperationNameGenerator:41 - Generating unique operation named: editUsingPUT_21
2021-12-08 20:19:12.129 [main] INFO  s.d.s.w.r.operation.CachingOperationNameGenerator:41 - Generating unique operation named: queryByIdUsingGET_17
2021-12-08 20:19:12.134 [main] INFO  s.d.s.w.r.operation.CachingOperationNameGenerator:41 - Generating unique operation named: queryPageListUsingGET_18
2021-12-08 20:19:12.148 [main] INFO  s.d.s.w.r.operation.CachingOperationNameGenerator:41 - Generating unique operation named: addUsingPOST_19
2021-12-08 20:19:12.152 [main] INFO  s.d.s.w.r.operation.CachingOperationNameGenerator:41 - Generating unique operation named: deleteUsingDELETE_18
2021-12-08 20:19:12.154 [main] INFO  s.d.s.w.r.operation.CachingOperationNameGenerator:41 - Generating unique operation named: deleteBatchUsingDELETE_18
2021-12-08 20:19:12.157 [main] INFO  s.d.s.w.r.operation.CachingOperationNameGenerator:41 - Generating unique operation named: editUsingPUT_22
2021-12-08 20:19:12.158 [main] INFO  s.d.s.w.r.operation.CachingOperationNameGenerator:41 - Generating unique operation named: queryByIdUsingGET_18
2021-12-08 20:19:12.163 [main] INFO  s.d.s.w.r.operation.CachingOperationNameGenerator:41 - Generating unique operation named: queryPageListUsingGET_19
2021-12-08 20:19:12.170 [main] INFO  s.d.s.w.r.operation.CachingOperationNameGenerator:41 - Generating unique operation named: addUsingPOST_20
2021-12-08 20:19:12.171 [main] INFO  s.d.s.w.r.operation.CachingOperationNameGenerator:41 - Generating unique operation named: deleteUsingDELETE_19
2021-12-08 20:19:12.173 [main] INFO  s.d.s.w.r.operation.CachingOperationNameGenerator:41 - Generating unique operation named: deleteBatchUsingDELETE_19
2021-12-08 20:19:12.175 [main] INFO  s.d.s.w.r.operation.CachingOperationNameGenerator:41 - Generating unique operation named: editUsingPUT_23
2021-12-08 20:19:12.177 [main] INFO  s.d.s.w.r.operation.CachingOperationNameGenerator:41 - Generating unique operation named: queryByIdUsingGET_19
2021-12-08 20:19:12.184 [main] INFO  s.d.s.w.r.operation.CachingOperationNameGenerator:41 - Generating unique operation named: queryPageListUsingGET_20
2021-12-08 20:19:12.198 [main] INFO  s.d.s.w.r.operation.CachingOperationNameGenerator:41 - Generating unique operation named: addUsingPOST_21
2021-12-08 20:19:12.200 [main] INFO  s.d.s.w.r.operation.CachingOperationNameGenerator:41 - Generating unique operation named: deleteUsingDELETE_20
2021-12-08 20:19:12.202 [main] INFO  s.d.s.w.r.operation.CachingOperationNameGenerator:41 - Generating unique operation named: deleteBatchUsingDELETE_20
2021-12-08 20:19:12.204 [main] INFO  s.d.s.w.r.operation.CachingOperationNameGenerator:41 - Generating unique operation named: editUsingPUT_24
2021-12-08 20:19:12.207 [main] INFO  s.d.s.w.r.operation.CachingOperationNameGenerator:41 - Generating unique operation named: editUsingPUT_25
2021-12-08 20:19:12.209 [main] INFO  s.d.s.w.r.operation.CachingOperationNameGenerator:41 - Generating unique operation named: queryByIdUsingGET_20
2021-12-08 20:19:12.218 [main] INFO  s.d.s.w.r.operation.CachingOperationNameGenerator:41 - Generating unique operation named: queryPageListUsingGET_21
2021-12-08 20:19:12.233 [main] INFO  s.d.s.w.r.operation.CachingOperationNameGenerator:41 - Generating unique operation named: addUsingPOST_22
2021-12-08 20:19:12.234 [main] INFO  s.d.s.w.r.operation.CachingOperationNameGenerator:41 - Generating unique operation named: deleteUsingDELETE_21
2021-12-08 20:19:12.236 [main] INFO  s.d.s.w.r.operation.CachingOperationNameGenerator:41 - Generating unique operation named: deleteBatchUsingDELETE_21
2021-12-08 20:19:12.238 [main] INFO  s.d.s.w.r.operation.CachingOperationNameGenerator:41 - Generating unique operation named: editUsingPUT_26
2021-12-08 20:19:12.240 [main] INFO  s.d.s.w.r.operation.CachingOperationNameGenerator:41 - Generating unique operation named: editUsingPUT_27
2021-12-08 20:19:12.242 [main] INFO  s.d.s.w.r.operation.CachingOperationNameGenerator:41 - Generating unique operation named: queryByIdUsingGET_21
2021-12-08 20:19:12.249 [main] INFO  s.d.s.w.r.operation.CachingOperationNameGenerator:41 - Generating unique operation named: queryPageListUsingGET_22
2021-12-08 20:19:12.259 [main] INFO  s.d.s.w.r.operation.CachingOperationNameGenerator:41 - Generating unique operation named: addUsingPOST_23
2021-12-08 20:19:12.261 [main] INFO  s.d.s.w.r.operation.CachingOperationNameGenerator:41 - Generating unique operation named: deleteUsingDELETE_22
2021-12-08 20:19:12.263 [main] INFO  s.d.s.w.r.operation.CachingOperationNameGenerator:41 - Generating unique operation named: deleteBatchUsingDELETE_22
2021-12-08 20:19:12.264 [main] INFO  s.d.s.w.r.operation.CachingOperationNameGenerator:41 - Generating unique operation named: editUsingPUT_28
2021-12-08 20:19:12.266 [main] INFO  s.d.s.w.r.operation.CachingOperationNameGenerator:41 - Generating unique operation named: queryByIdUsingGET_22
2021-12-08 20:19:12.272 [main] INFO  s.d.s.w.r.operation.CachingOperationNameGenerator:41 - Generating unique operation named: queryPageListUsingGET_23
2021-12-08 20:19:12.295 [main] INFO  s.d.s.w.r.operation.CachingOperationNameGenerator:41 - Generating unique operation named: addUsingPOST_24
2021-12-08 20:19:12.299 [main] INFO  s.d.s.w.r.operation.CachingOperationNameGenerator:41 - Generating unique operation named: deleteUsingDELETE_23
2021-12-08 20:19:12.302 [main] INFO  s.d.s.w.r.operation.CachingOperationNameGenerator:41 - Generating unique operation named: deleteBatchUsingDELETE_23
2021-12-08 20:19:12.305 [main] INFO  s.d.s.w.r.operation.CachingOperationNameGenerator:41 - Generating unique operation named: editUsingPUT_29
2021-12-08 20:19:12.307 [main] INFO  s.d.s.w.r.operation.CachingOperationNameGenerator:41 - Generating unique operation named: queryByIdUsingGET_23
2021-12-08 20:19:12.313 [main] INFO  s.d.s.w.r.operation.CachingOperationNameGenerator:41 - Generating unique operation named: queryPageListUsingGET_24
2021-12-08 20:19:12.324 [main] INFO  s.d.s.w.r.operation.CachingOperationNameGenerator:41 - Generating unique operation named: addUsingPOST_25
2021-12-08 20:19:12.326 [main] INFO  s.d.s.w.r.operation.CachingOperationNameGenerator:41 - Generating unique operation named: deleteUsingDELETE_24
2021-12-08 20:19:12.328 [main] INFO  s.d.s.w.r.operation.CachingOperationNameGenerator:41 - Generating unique operation named: deleteBatchUsingDELETE_24
2021-12-08 20:19:12.330 [main] INFO  s.d.s.w.r.operation.CachingOperationNameGenerator:41 - Generating unique operation named: editUsingPUT_30
2021-12-08 20:19:12.332 [main] INFO  s.d.s.w.r.operation.CachingOperationNameGenerator:41 - Generating unique operation named: queryByIdUsingGET_24
2021-12-08 20:19:12.339 [main] INFO  s.d.s.w.r.operation.CachingOperationNameGenerator:41 - Generating unique operation named: queryPageListUsingGET_25
2021-12-08 20:19:12.346 [main] INFO  s.d.s.w.r.operation.CachingOperationNameGenerator:41 - Generating unique operation named: addUsingPOST_26
2021-12-08 20:19:12.348 [main] INFO  s.d.s.w.r.operation.CachingOperationNameGenerator:41 - Generating unique operation named: deleteUsingDELETE_25
2021-12-08 20:19:12.351 [main] INFO  s.d.s.w.r.operation.CachingOperationNameGenerator:41 - Generating unique operation named: deleteBatchUsingDELETE_25
2021-12-08 20:19:12.353 [main] INFO  s.d.s.w.r.operation.CachingOperationNameGenerator:41 - Generating unique operation named: editUsingPUT_31
2021-12-08 20:19:12.356 [main] INFO  s.d.s.w.r.operation.CachingOperationNameGenerator:41 - Generating unique operation named: queryByIdUsingGET_25
2021-12-08 20:19:12.361 [main] INFO  s.d.s.w.r.operation.CachingOperationNameGenerator:41 - Generating unique operation named: queryPageListUsingGET_26
2021-12-08 20:19:12.371 [main] INFO  s.d.s.w.r.operation.CachingOperationNameGenerator:41 - Generating unique operation named: addUsingPOST_27
2021-12-08 20:19:12.373 [main] INFO  s.d.s.w.r.operation.CachingOperationNameGenerator:41 - Generating unique operation named: deleteUsingDELETE_26
2021-12-08 20:19:12.374 [main] INFO  s.d.s.w.r.operation.CachingOperationNameGenerator:41 - Generating unique operation named: deleteBatchUsingDELETE_26
2021-12-08 20:19:12.376 [main] INFO  s.d.s.w.r.operation.CachingOperationNameGenerator:41 - Generating unique operation named: editUsingPUT_32
2021-12-08 20:19:12.379 [main] INFO  s.d.s.w.r.operation.CachingOperationNameGenerator:41 - Generating unique operation named: editUsingPUT_33
2021-12-08 20:19:12.382 [main] INFO  s.d.s.w.r.operation.CachingOperationNameGenerator:41 - Generating unique operation named: queryByIdUsingGET_26
2021-12-08 20:19:12.388 [main] INFO  s.d.s.w.r.operation.CachingOperationNameGenerator:41 - Generating unique operation named: queryPageListUsingGET_27
2021-12-08 20:19:12.395 [main] INFO  s.d.s.w.r.operation.CachingOperationNameGenerator:41 - Generating unique operation named: addUsingPOST_28
2021-12-08 20:19:12.398 [main] INFO  s.d.s.w.r.operation.CachingOperationNameGenerator:41 - Generating unique operation named: deleteUsingDELETE_27
2021-12-08 20:19:12.400 [main] INFO  s.d.s.w.r.operation.CachingOperationNameGenerator:41 - Generating unique operation named: deleteBatchUsingDELETE_27
2021-12-08 20:19:12.403 [main] INFO  s.d.s.w.r.operation.CachingOperationNameGenerator:41 - Generating unique operation named: deleteReleaseUsingPOST_1
2021-12-08 20:19:12.409 [main] INFO  s.d.s.w.r.operation.CachingOperationNameGenerator:41 - Generating unique operation named: editUsingPUT_34
2021-12-08 20:19:12.411 [main] INFO  s.d.s.w.r.operation.CachingOperationNameGenerator:41 - Generating unique operation named: queryByIdUsingGET_27
2021-12-08 20:19:12.414 [main] INFO  s.d.s.w.r.operation.CachingOperationNameGenerator:41 - Generating unique operation named: queryPageListUsingGET_28
2021-12-08 20:19:12.422 [main] INFO  s.d.s.w.r.operation.CachingOperationNameGenerator:41 - Generating unique operation named: queryPageMyListUsingGET_1
2021-12-08 20:19:12.431 [main] INFO  s.d.s.w.r.operation.CachingOperationNameGenerator:41 - Generating unique operation named: addUsingPOST_29
2021-12-08 20:19:12.433 [main] INFO  s.d.s.w.r.operation.CachingOperationNameGenerator:41 - Generating unique operation named: deleteUsingDELETE_28
2021-12-08 20:19:12.435 [main] INFO  s.d.s.w.r.operation.CachingOperationNameGenerator:41 - Generating unique operation named: deleteBatchUsingDELETE_28
2021-12-08 20:19:12.437 [main] INFO  s.d.s.w.r.operation.CachingOperationNameGenerator:41 - Generating unique operation named: editUsingPUT_35
2021-12-08 20:19:12.439 [main] INFO  s.d.s.w.r.operation.CachingOperationNameGenerator:41 - Generating unique operation named: queryByIdUsingGET_28
2021-12-08 20:19:12.445 [main] INFO  s.d.s.w.r.operation.CachingOperationNameGenerator:41 - Generating unique operation named: queryPageListUsingGET_29
2021-12-08 20:19:12.457 [main] INFO  s.d.s.w.r.operation.CachingOperationNameGenerator:41 - Generating unique operation named: addUsingPOST_30
2021-12-08 20:19:12.459 [main] INFO  s.d.s.w.r.operation.CachingOperationNameGenerator:41 - Generating unique operation named: deleteUsingDELETE_29
2021-12-08 20:19:12.462 [main] INFO  s.d.s.w.r.operation.CachingOperationNameGenerator:41 - Generating unique operation named: deleteBatchUsingDELETE_29
2021-12-08 20:19:12.465 [main] INFO  s.d.s.w.r.operation.CachingOperationNameGenerator:41 - Generating unique operation named: downloadCountUsingPUT_4
2021-12-08 20:19:12.467 [main] INFO  s.d.s.w.r.operation.CachingOperationNameGenerator:41 - Generating unique operation named: editUsingPUT_36
2021-12-08 20:19:12.469 [main] INFO  s.d.s.w.r.operation.CachingOperationNameGenerator:41 - Generating unique operation named: queryByIdUsingGET_29
2021-12-08 20:19:12.475 [main] INFO  s.d.s.w.r.operation.CachingOperationNameGenerator:41 - Generating unique operation named: queryPageListUsingGET_30
2021-12-08 20:19:12.490 [main] INFO  s.d.s.w.r.operation.CachingOperationNameGenerator:41 - Generating unique operation named: addUsingPOST_31
2021-12-08 20:19:12.492 [main] INFO  s.d.s.w.r.operation.CachingOperationNameGenerator:41 - Generating unique operation named: deleteUsingDELETE_30
2021-12-08 20:19:12.495 [main] INFO  s.d.s.w.r.operation.CachingOperationNameGenerator:41 - Generating unique operation named: deleteBatchUsingDELETE_30
2021-12-08 20:19:12.497 [main] INFO  s.d.s.w.r.operation.CachingOperationNameGenerator:41 - Generating unique operation named: editUsingPUT_37
2021-12-08 20:19:12.499 [main] INFO  s.d.s.w.r.operation.CachingOperationNameGenerator:41 - Generating unique operation named: editUsingPUT_38
2021-12-08 20:19:12.501 [main] INFO  s.d.s.w.r.operation.CachingOperationNameGenerator:41 - Generating unique operation named: queryByIdUsingGET_30
2021-12-08 20:19:12.506 [main] INFO  s.d.s.w.r.operation.CachingOperationNameGenerator:41 - Generating unique operation named: queryPageListUsingGET_31
2021-12-08 20:19:12.517 [main] INFO  s.d.s.w.r.operation.CachingOperationNameGenerator:41 - Generating unique operation named: addUsingPOST_32
2021-12-08 20:19:12.519 [main] INFO  s.d.s.w.r.operation.CachingOperationNameGenerator:41 - Generating unique operation named: deleteUsingDELETE_31
2021-12-08 20:19:12.521 [main] INFO  s.d.s.w.r.operation.CachingOperationNameGenerator:41 - Generating unique operation named: deleteBatchUsingDELETE_31
2021-12-08 20:19:12.523 [main] INFO  s.d.s.w.r.operation.CachingOperationNameGenerator:41 - Generating unique operation named: editUsingPUT_39
2021-12-08 20:19:12.525 [main] INFO  s.d.s.w.r.operation.CachingOperationNameGenerator:41 - Generating unique operation named: queryByIdUsingGET_31
2021-12-08 20:19:12.533 [main] INFO  s.d.s.w.r.operation.CachingOperationNameGenerator:41 - Generating unique operation named: queryPageListUsingGET_32
2021-12-08 20:19:12.541 [main] INFO  s.d.s.w.r.operation.CachingOperationNameGenerator:41 - Generating unique operation named: addUsingPOST_33
2021-12-08 20:19:12.543 [main] INFO  s.d.s.w.r.operation.CachingOperationNameGenerator:41 - Generating unique operation named: deleteUsingDELETE_32
2021-12-08 20:19:12.545 [main] INFO  s.d.s.w.r.operation.CachingOperationNameGenerator:41 - Generating unique operation named: deleteBatchUsingDELETE_32
2021-12-08 20:19:12.547 [main] INFO  s.d.s.w.r.operation.CachingOperationNameGenerator:41 - Generating unique operation named: editUsingPUT_40
2021-12-08 20:19:12.549 [main] INFO  s.d.s.w.r.operation.CachingOperationNameGenerator:41 - Generating unique operation named: queryByIdUsingGET_32
2021-12-08 20:19:12.559 [main] INFO  s.d.s.w.r.operation.CachingOperationNameGenerator:41 - Generating unique operation named: queryPageListUsingGET_33
2021-12-08 20:19:12.567 [main] INFO  s.d.s.w.r.operation.CachingOperationNameGenerator:41 - Generating unique operation named: addUsingPOST_34
2021-12-08 20:19:12.570 [main] INFO  s.d.s.w.r.operation.CachingOperationNameGenerator:41 - Generating unique operation named: deleteUsingDELETE_33
2021-12-08 20:19:12.573 [main] INFO  s.d.s.w.r.operation.CachingOperationNameGenerator:41 - Generating unique operation named: deleteBatchUsingDELETE_33
2021-12-08 20:19:12.575 [main] INFO  s.d.s.w.r.operation.CachingOperationNameGenerator:41 - Generating unique operation named: editUsingPUT_41
2021-12-08 20:19:12.577 [main] INFO  s.d.s.w.r.operation.CachingOperationNameGenerator:41 - Generating unique operation named: queryByIdUsingGET_33
2021-12-08 20:19:12.583 [main] INFO  s.d.s.w.r.operation.CachingOperationNameGenerator:41 - Generating unique operation named: queryPageListUsingGET_34
2021-12-08 20:19:12.601 [main] INFO  s.d.s.w.r.operation.CachingOperationNameGenerator:41 - Generating unique operation named: addUsingPOST_35
2021-12-08 20:19:12.604 [main] INFO  s.d.s.w.r.operation.CachingOperationNameGenerator:41 - Generating unique operation named: deleteUsingDELETE_34
2021-12-08 20:19:12.606 [main] INFO  s.d.s.w.r.operation.CachingOperationNameGenerator:41 - Generating unique operation named: deleteBatchUsingDELETE_34
2021-12-08 20:19:12.609 [main] INFO  s.d.s.w.r.operation.CachingOperationNameGenerator:41 - Generating unique operation named: editUsingPUT_42
2021-12-08 20:19:12.611 [main] INFO  s.d.s.w.r.operation.CachingOperationNameGenerator:41 - Generating unique operation named: queryByIdUsingGET_34
2021-12-08 20:19:12.616 [main] INFO  s.d.s.w.r.operation.CachingOperationNameGenerator:41 - Generating unique operation named: queryPageListUsingGET_35
2021-12-08 20:19:12.619 [main] INFO  s.d.s.w.r.operation.CachingOperationNameGenerator:41 - Generating unique operation named: queryPageListUsingGET_36
2021-12-08 20:19:12.625 [main] INFO  s.d.s.w.r.operation.CachingOperationNameGenerator:41 - Generating unique operation named: addUsingPOST_36
2021-12-08 20:19:12.629 [main] INFO  s.d.s.w.r.operation.CachingOperationNameGenerator:41 - Generating unique operation named: deleteUsingDELETE_35
2021-12-08 20:19:12.631 [main] INFO  s.d.s.w.r.operation.CachingOperationNameGenerator:41 - Generating unique operation named: deleteBatchUsingDELETE_35
2021-12-08 20:19:12.634 [main] INFO  s.d.s.w.r.operation.CachingOperationNameGenerator:41 - Generating unique operation named: editUsingPUT_43
2021-12-08 20:19:12.635 [main] INFO  s.d.s.w.r.operation.CachingOperationNameGenerator:41 - Generating unique operation named: queryByIdUsingGET_35
2021-12-08 20:19:12.640 [main] INFO  s.d.s.w.r.operation.CachingOperationNameGenerator:41 - Generating unique operation named: queryPageListUsingGET_37
2021-12-08 20:19:12.646 [main] INFO  s.d.s.w.r.operation.CachingOperationNameGenerator:41 - Generating unique operation named: addUsingPOST_37
2021-12-08 20:19:12.648 [main] INFO  s.d.s.w.r.operation.CachingOperationNameGenerator:41 - Generating unique operation named: deleteUsingDELETE_36
2021-12-08 20:19:12.650 [main] INFO  s.d.s.w.r.operation.CachingOperationNameGenerator:41 - Generating unique operation named: deleteBatchUsingDELETE_36
2021-12-08 20:19:12.652 [main] INFO  s.d.s.w.r.operation.CachingOperationNameGenerator:41 - Generating unique operation named: editUsingPUT_44
2021-12-08 20:19:12.653 [main] INFO  s.d.s.w.r.operation.CachingOperationNameGenerator:41 - Generating unique operation named: queryByIdUsingGET_36
2021-12-08 20:19:12.658 [main] INFO  s.d.s.w.r.operation.CachingOperationNameGenerator:41 - Generating unique operation named: queryPageListUsingGET_38
2021-12-08 20:19:12.663 [main] INFO  s.d.s.w.r.operation.CachingOperationNameGenerator:41 - Generating unique operation named: addUsingPOST_38
2021-12-08 20:19:12.665 [main] INFO  s.d.s.w.r.operation.CachingOperationNameGenerator:41 - Generating unique operation named: deleteUsingDELETE_37
2021-12-08 20:19:12.668 [main] INFO  s.d.s.w.r.operation.CachingOperationNameGenerator:41 - Generating unique operation named: deleteBatchUsingDELETE_37
2021-12-08 20:19:12.670 [main] INFO  s.d.s.w.r.operation.CachingOperationNameGenerator:41 - Generating unique operation named: editUsingPUT_45
2021-12-08 20:19:12.672 [main] INFO  s.d.s.w.r.operation.CachingOperationNameGenerator:41 - Generating unique operation named: queryByIdUsingGET_37
2021-12-08 20:19:12.676 [main] INFO  s.d.s.w.r.operation.CachingOperationNameGenerator:41 - Generating unique operation named: queryPageListUsingGET_39
2021-12-08 20:19:12.682 [main] INFO  s.d.s.w.r.operation.CachingOperationNameGenerator:41 - Generating unique operation named: addUsingPOST_39
2021-12-08 20:19:12.684 [main] INFO  s.d.s.w.r.operation.CachingOperationNameGenerator:41 - Generating unique operation named: deleteUsingDELETE_38
2021-12-08 20:19:12.686 [main] INFO  s.d.s.w.r.operation.CachingOperationNameGenerator:41 - Generating unique operation named: deleteBatchUsingDELETE_38
2021-12-08 20:19:12.687 [main] INFO  s.d.s.w.r.operation.CachingOperationNameGenerator:41 - Generating unique operation named: editUsingPUT_46
2021-12-08 20:19:12.689 [main] INFO  s.d.s.w.r.operation.CachingOperationNameGenerator:41 - Generating unique operation named: queryByIdUsingGET_38
2021-12-08 20:19:12.693 [main] INFO  s.d.s.w.r.operation.CachingOperationNameGenerator:41 - Generating unique operation named: queryPageListUsingGET_40
2021-12-08 20:19:12.704 [main] INFO  s.d.s.w.r.operation.CachingOperationNameGenerator:41 - Generating unique operation named: addUsingPOST_40
2021-12-08 20:19:12.706 [main] INFO  s.d.s.w.r.operation.CachingOperationNameGenerator:41 - Generating unique operation named: deleteUsingDELETE_39
2021-12-08 20:19:12.708 [main] INFO  s.d.s.w.r.operation.CachingOperationNameGenerator:41 - Generating unique operation named: deleteBatchUsingDELETE_39
2021-12-08 20:19:12.709 [main] INFO  s.d.s.w.r.operation.CachingOperationNameGenerator:41 - Generating unique operation named: editUsingPUT_47
2021-12-08 20:19:12.711 [main] INFO  s.d.s.w.r.operation.CachingOperationNameGenerator:41 - Generating unique operation named: queryByIdUsingGET_39
2021-12-08 20:19:12.716 [main] INFO  s.d.s.w.r.operation.CachingOperationNameGenerator:41 - Generating unique operation named: queryPageListUsingGET_41
2021-12-08 20:19:12.729 [main] INFO  s.d.s.w.r.operation.CachingOperationNameGenerator:41 - Generating unique operation named: queryPageListUsingGET_42
2021-12-08 20:19:12.732 [main] INFO  s.d.s.w.r.operation.CachingOperationNameGenerator:41 - Generating unique operation named: deleteUsingDELETE_40
2021-12-08 20:19:12.738 [main] INFO  s.d.s.w.r.operation.CachingOperationNameGenerator:41 - Generating unique operation named: addUsingPOST_41
2021-12-08 20:19:12.743 [main] INFO  s.d.s.w.r.operation.CachingOperationNameGenerator:41 - Generating unique operation named: deleteBatchUsingDELETE_40
2021-12-08 20:19:12.747 [main] INFO  s.d.s.w.r.operation.CachingOperationNameGenerator:41 - Generating unique operation named: editUsingPUT_48
2021-12-08 20:19:12.752 [main] INFO  s.d.s.w.r.operation.CachingOperationNameGenerator:41 - Generating unique operation named: queryByIdUsingGET_40
2021-12-08 20:19:12.766 [main] INFO  s.d.s.w.r.operation.CachingOperationNameGenerator:41 - Generating unique operation named: addUsingPOST_42
2021-12-08 20:19:12.768 [main] INFO  s.d.s.w.r.operation.CachingOperationNameGenerator:41 - Generating unique operation named: deleteUsingDELETE_41
2021-12-08 20:19:12.770 [main] INFO  s.d.s.w.r.operation.CachingOperationNameGenerator:41 - Generating unique operation named: deleteBatchUsingDELETE_41
2021-12-08 20:19:12.775 [main] INFO  s.d.s.w.r.operation.CachingOperationNameGenerator:41 - Generating unique operation named: editUsingPUT_49
2021-12-08 20:19:12.777 [main] INFO  s.d.s.w.r.operation.CachingOperationNameGenerator:41 - Generating unique operation named: editUsingPUT_50
2021-12-08 20:19:12.779 [main] INFO  s.d.s.w.r.operation.CachingOperationNameGenerator:41 - Generating unique operation named: queryByIdUsingGET_41
2021-12-08 20:19:12.787 [main] INFO  s.d.s.w.r.operation.CachingOperationNameGenerator:41 - Generating unique operation named: queryPageListUsingGET_43
2021-12-08 20:19:12.797 [main] INFO  s.d.s.w.r.operation.CachingOperationNameGenerator:41 - Generating unique operation named: addUsingPOST_43
2021-12-08 20:19:12.800 [main] INFO  s.d.s.w.r.operation.CachingOperationNameGenerator:41 - Generating unique operation named: deleteUsingDELETE_42
2021-12-08 20:19:12.803 [main] INFO  s.d.s.w.r.operation.CachingOperationNameGenerator:41 - Generating unique operation named: deleteBatchUsingDELETE_42
2021-12-08 20:19:12.806 [main] INFO  s.d.s.w.r.operation.CachingOperationNameGenerator:41 - Generating unique operation named: editUsingPUT_51
2021-12-08 20:19:12.808 [main] INFO  s.d.s.w.r.operation.CachingOperationNameGenerator:41 - Generating unique operation named: queryByIdUsingGET_42
2021-12-08 20:19:12.814 [main] INFO  s.d.s.w.r.operation.CachingOperationNameGenerator:41 - Generating unique operation named: queryPageListUsingGET_44
2021-12-08 20:19:12.822 [main] INFO  s.d.s.w.r.operation.CachingOperationNameGenerator:41 - Generating unique operation named: addUsingPOST_44
2021-12-08 20:19:12.824 [main] INFO  s.d.s.w.r.operation.CachingOperationNameGenerator:41 - Generating unique operation named: deleteUsingDELETE_43
2021-12-08 20:19:12.826 [main] INFO  s.d.s.w.r.operation.CachingOperationNameGenerator:41 - Generating unique operation named: deleteBatchUsingDELETE_43
2021-12-08 20:19:12.828 [main] INFO  s.d.s.w.r.operation.CachingOperationNameGenerator:41 - Generating unique operation named: editUsingPUT_52
2021-12-08 20:19:12.830 [main] INFO  s.d.s.w.r.operation.CachingOperationNameGenerator:41 - Generating unique operation named: queryByIdUsingGET_43
2021-12-08 20:19:12.836 [main] INFO  s.d.s.w.r.operation.CachingOperationNameGenerator:41 - Generating unique operation named: queryPageListUsingGET_45
2021-12-08 20:19:12.843 [main] INFO  s.d.s.w.r.operation.CachingOperationNameGenerator:41 - Generating unique operation named: addUsingPOST_45
2021-12-08 20:19:12.849 [main] INFO  s.d.s.w.r.operation.CachingOperationNameGenerator:41 - Generating unique operation named: queryPageListUsingGET_46
2021-12-08 20:19:12.963 [main] INFO  o.s.scheduling.quartz.SchedulerFactoryBean:727 - Starting Quartz Scheduler now
2021-12-08 20:19:14.116 [main] INFO  org.quartz.core.QuartzScheduler:547 - Scheduler MyScheduler_$_Sike-TB1638965940395 started.
2021-12-08 20:19:14.148 [main] INFO  org.jeecg.JeecgSystemApplication:61 - Started JeecgSystemApplication in 52.809 seconds (JVM running for 54.444)
2021-12-08 20:19:14.156 [main] INFO  org.jeecg.JeecgSystemApplication:47 - 
----------------------------------------------------------
	Application Jeecg-Boot is running! Access URLs:
	Local: 		http://localhost:8080/smart-system/
	External: 	http://192.168.1.101:8080/smart-system/
	Swagger文档: 	http://192.168.1.101:8080/smart-system/doc.html
----------------------------------------------------------
2021-12-08 20:20:19.406 [http-nio-8080-exec-1] INFO  o.a.c.c.C.[Tomcat].[localhost].[/smart-system]:173 - Initializing Spring DispatcherServlet 'dispatcherServlet'
2021-12-08 20:20:19.407 [http-nio-8080-exec-1] INFO  org.springframework.web.servlet.DispatcherServlet:525 - Initializing Servlet 'dispatcherServlet'
2021-12-08 20:20:19.430 [http-nio-8080-exec-1] INFO  org.springframework.web.servlet.DispatcherServlet:547 - Completed initialization in 23 ms
2021-12-08 20:20:19.608 [http-nio-8080-exec-1] WARN  org.apache.shiro.mgt.AbstractRememberMeManager:449 - There was a failure while trying to retrieve remembered principals.  This could be due to a configuration problem or corrupted principals.  This could also be due to a recently changed encryption key, if you are using a shiro.ini file, this property would be 'securityManager.rememberMeManager.cipherKey' see: http://shiro.apache.org/web.html#Web-RememberMeServices. The remembered identity will be forgotten and not used for this request.
2021-12-08 20:20:19.613 [http-nio-8080-exec-1] WARN  org.apache.shiro.mgt.DefaultSecurityManager:618 - Delegate RememberMeManager instance of type [org.apache.shiro.web.mgt.CookieRememberMeManager] threw an exception during getRememberedPrincipals().
org.apache.shiro.crypto.CryptoException: Unable to execute 'doFinal' with cipher instance [javax.crypto.Cipher@be500a4].
	at org.apache.shiro.crypto.JcaCipherService.crypt(JcaCipherService.java:462)
	at org.apache.shiro.crypto.JcaCipherService.crypt(JcaCipherService.java:445)
	at org.apache.shiro.crypto.JcaCipherService.decrypt(JcaCipherService.java:390)
	at org.apache.shiro.crypto.JcaCipherService.decrypt(JcaCipherService.java:382)
	at org.apache.shiro.mgt.AbstractRememberMeManager.decrypt(AbstractRememberMeManager.java:482)
	at org.apache.shiro.mgt.AbstractRememberMeManager.convertBytesToPrincipals(AbstractRememberMeManager.java:419)
	at org.apache.shiro.mgt.AbstractRememberMeManager.getRememberedPrincipals(AbstractRememberMeManager.java:386)
	at org.apache.shiro.mgt.DefaultSecurityManager.getRememberedIdentity(DefaultSecurityManager.java:613)
	at org.apache.shiro.mgt.DefaultSecurityManager.resolvePrincipals(DefaultSecurityManager.java:501)
	at org.apache.shiro.mgt.DefaultSecurityManager.createSubject(DefaultSecurityManager.java:347)
	at org.apache.shiro.subject.Subject$Builder.buildSubject(Subject.java:845)
	at org.apache.shiro.web.subject.WebSubject$Builder.buildWebSubject(WebSubject.java:148)
	at org.apache.shiro.web.servlet.AbstractShiroFilter.createSubject(AbstractShiroFilter.java:292)
	at org.apache.shiro.web.servlet.AbstractShiroFilter.doFilterInternal(AbstractShiroFilter.java:359)
	at org.apache.shiro.web.servlet.OncePerRequestFilter.doFilter(OncePerRequestFilter.java:125)
	at org.apache.catalina.core.ApplicationFilterChain.internalDoFilter(ApplicationFilterChain.java:193)
	at org.apache.catalina.core.ApplicationFilterChain.doFilter(ApplicationFilterChain.java:166)
	at com.alibaba.druid.support.http.WebStatFilter.doFilter(WebStatFilter.java:124)
	at org.apache.catalina.core.ApplicationFilterChain.internalDoFilter(ApplicationFilterChain.java:193)
	at org.apache.catalina.core.ApplicationFilterChain.doFilter(ApplicationFilterChain.java:166)
	at org.springframework.boot.actuate.web.trace.servlet.HttpTraceFilter.doFilterInternal(HttpTraceFilter.java:88)
	at org.springframework.web.filter.OncePerRequestFilter.doFilter(OncePerRequestFilter.java:119)
	at org.apache.catalina.core.ApplicationFilterChain.internalDoFilter(ApplicationFilterChain.java:193)
	at org.apache.catalina.core.ApplicationFilterChain.doFilter(ApplicationFilterChain.java:166)
	at org.springframework.web.filter.RequestContextFilter.doFilterInternal(RequestContextFilter.java:100)
	at org.springframework.web.filter.OncePerRequestFilter.doFilter(OncePerRequestFilter.java:119)
	at org.apache.catalina.core.ApplicationFilterChain.internalDoFilter(ApplicationFilterChain.java:193)
	at org.apache.catalina.core.ApplicationFilterChain.doFilter(ApplicationFilterChain.java:166)
	at org.springframework.web.filter.FormContentFilter.doFilterInternal(FormContentFilter.java:93)
	at org.springframework.web.filter.OncePerRequestFilter.doFilter(OncePerRequestFilter.java:119)
	at org.apache.catalina.core.ApplicationFilterChain.internalDoFilter(ApplicationFilterChain.java:193)
	at org.apache.catalina.core.ApplicationFilterChain.doFilter(ApplicationFilterChain.java:166)
	at org.springframework.boot.actuate.metrics.web.servlet.WebMvcMetricsFilter.doFilterInternal(WebMvcMetricsFilter.java:93)
	at org.springframework.web.filter.OncePerRequestFilter.doFilter(OncePerRequestFilter.java:119)
	at org.apache.catalina.core.ApplicationFilterChain.internalDoFilter(ApplicationFilterChain.java:193)
	at org.apache.catalina.core.ApplicationFilterChain.doFilter(ApplicationFilterChain.java:166)
	at org.springframework.web.filter.CharacterEncodingFilter.doFilterInternal(CharacterEncodingFilter.java:201)
	at org.springframework.web.filter.OncePerRequestFilter.doFilter(OncePerRequestFilter.java:119)
	at org.apache.catalina.core.ApplicationFilterChain.internalDoFilter(ApplicationFilterChain.java:193)
	at org.apache.catalina.core.ApplicationFilterChain.doFilter(ApplicationFilterChain.java:166)
	at org.apache.catalina.core.StandardWrapperValve.invoke(StandardWrapperValve.java:202)
	at org.apache.catalina.core.StandardContextValve.invoke(StandardContextValve.java:97)
	at org.apache.catalina.authenticator.AuthenticatorBase.invoke(AuthenticatorBase.java:542)
	at org.apache.catalina.core.StandardHostValve.invoke(StandardHostValve.java:143)
	at org.apache.catalina.valves.ErrorReportValve.invoke(ErrorReportValve.java:92)
	at org.apache.catalina.core.StandardEngineValve.invoke(StandardEngineValve.java:78)
	at org.apache.catalina.connector.CoyoteAdapter.service(CoyoteAdapter.java:343)
	at org.apache.coyote.http11.Http11Processor.service(Http11Processor.java:374)
	at org.apache.coyote.AbstractProcessorLight.process(AbstractProcessorLight.java:65)
	at org.apache.coyote.AbstractProtocol$ConnectionHandler.process(AbstractProtocol.java:868)
	at org.apache.tomcat.util.net.NioEndpoint$SocketProcessor.doRun(NioEndpoint.java:1590)
	at org.apache.tomcat.util.net.SocketProcessorBase.run(SocketProcessorBase.java:49)
	at java.util.concurrent.ThreadPoolExecutor.runWorker(Unknown Source)
	at java.util.concurrent.ThreadPoolExecutor$Worker.run(Unknown Source)
	at org.apache.tomcat.util.threads.TaskThread$WrappingRunnable.run(TaskThread.java:61)
	at java.lang.Thread.run(Unknown Source)
Caused by: javax.crypto.AEADBadTagException: Tag mismatch!
	at com.sun.crypto.provider.GaloisCounterMode.decryptFinal(GaloisCounterMode.java:620)
	at com.sun.crypto.provider.CipherCore.finalNoPadding(CipherCore.java:1116)
	at com.sun.crypto.provider.CipherCore.fillOutputBuffer(CipherCore.java:1053)
	at com.sun.crypto.provider.CipherCore.doFinal(CipherCore.java:853)
	at com.sun.crypto.provider.AESCipher.engineDoFinal(AESCipher.java:446)
	at javax.crypto.Cipher.doFinal(Cipher.java:2168)
	at org.apache.shiro.crypto.JcaCipherService.crypt(JcaCipherService.java:459)
	... 55 common frames omitted
2021-12-08 20:21:15.458 [http-nio-8080-exec-1] WARN  org.apache.shiro.mgt.AbstractRememberMeManager:449 - There was a failure while trying to retrieve remembered principals.  This could be due to a configuration problem or corrupted principals.  This could also be due to a recently changed encryption key, if you are using a shiro.ini file, this property would be 'securityManager.rememberMeManager.cipherKey' see: http://shiro.apache.org/web.html#Web-RememberMeServices. The remembered identity will be forgotten and not used for this request.
2021-12-08 20:21:15.458 [http-nio-8080-exec-1] WARN  org.apache.shiro.mgt.DefaultSecurityManager:618 - Delegate RememberMeManager instance of type [org.apache.shiro.web.mgt.CookieRememberMeManager] threw an exception during getRememberedPrincipals().
org.apache.shiro.crypto.CryptoException: Unable to execute 'doFinal' with cipher instance [javax.crypto.Cipher@5d5c326d].
	at org.apache.shiro.crypto.JcaCipherService.crypt(JcaCipherService.java:462)
	at org.apache.shiro.crypto.JcaCipherService.crypt(JcaCipherService.java:445)
	at org.apache.shiro.crypto.JcaCipherService.decrypt(JcaCipherService.java:390)
	at org.apache.shiro.crypto.JcaCipherService.decrypt(JcaCipherService.java:382)
	at org.apache.shiro.mgt.AbstractRememberMeManager.decrypt(AbstractRememberMeManager.java:482)
	at org.apache.shiro.mgt.AbstractRememberMeManager.convertBytesToPrincipals(AbstractRememberMeManager.java:419)
	at org.apache.shiro.mgt.AbstractRememberMeManager.getRememberedPrincipals(AbstractRememberMeManager.java:386)
	at org.apache.shiro.mgt.DefaultSecurityManager.getRememberedIdentity(DefaultSecurityManager.java:613)
	at org.apache.shiro.mgt.DefaultSecurityManager.resolvePrincipals(DefaultSecurityManager.java:501)
	at org.apache.shiro.mgt.DefaultSecurityManager.createSubject(DefaultSecurityManager.java:347)
	at org.apache.shiro.subject.Subject$Builder.buildSubject(Subject.java:845)
	at org.apache.shiro.web.subject.WebSubject$Builder.buildWebSubject(WebSubject.java:148)
	at org.apache.shiro.web.servlet.AbstractShiroFilter.createSubject(AbstractShiroFilter.java:292)
	at org.apache.shiro.web.servlet.AbstractShiroFilter.doFilterInternal(AbstractShiroFilter.java:359)
	at org.apache.shiro.web.servlet.OncePerRequestFilter.doFilter(OncePerRequestFilter.java:125)
	at org.apache.catalina.core.ApplicationFilterChain.internalDoFilter(ApplicationFilterChain.java:193)
	at org.apache.catalina.core.ApplicationFilterChain.doFilter(ApplicationFilterChain.java:166)
	at com.alibaba.druid.support.http.WebStatFilter.doFilter(WebStatFilter.java:124)
	at org.apache.catalina.core.ApplicationFilterChain.internalDoFilter(ApplicationFilterChain.java:193)
	at org.apache.catalina.core.ApplicationFilterChain.doFilter(ApplicationFilterChain.java:166)
	at org.springframework.boot.actuate.web.trace.servlet.HttpTraceFilter.doFilterInternal(HttpTraceFilter.java:88)
	at org.springframework.web.filter.OncePerRequestFilter.doFilter(OncePerRequestFilter.java:119)
	at org.apache.catalina.core.ApplicationFilterChain.internalDoFilter(ApplicationFilterChain.java:193)
	at org.apache.catalina.core.ApplicationFilterChain.doFilter(ApplicationFilterChain.java:166)
	at org.springframework.web.filter.RequestContextFilter.doFilterInternal(RequestContextFilter.java:100)
	at org.springframework.web.filter.OncePerRequestFilter.doFilter(OncePerRequestFilter.java:119)
	at org.apache.catalina.core.ApplicationFilterChain.internalDoFilter(ApplicationFilterChain.java:193)
	at org.apache.catalina.core.ApplicationFilterChain.doFilter(ApplicationFilterChain.java:166)
	at org.springframework.web.filter.FormContentFilter.doFilterInternal(FormContentFilter.java:93)
	at org.springframework.web.filter.OncePerRequestFilter.doFilter(OncePerRequestFilter.java:119)
	at org.apache.catalina.core.ApplicationFilterChain.internalDoFilter(ApplicationFilterChain.java:193)
	at org.apache.catalina.core.ApplicationFilterChain.doFilter(ApplicationFilterChain.java:166)
	at org.springframework.boot.actuate.metrics.web.servlet.WebMvcMetricsFilter.doFilterInternal(WebMvcMetricsFilter.java:93)
	at org.springframework.web.filter.OncePerRequestFilter.doFilter(OncePerRequestFilter.java:119)
	at org.apache.catalina.core.ApplicationFilterChain.internalDoFilter(ApplicationFilterChain.java:193)
	at org.apache.catalina.core.ApplicationFilterChain.doFilter(ApplicationFilterChain.java:166)
	at org.springframework.web.filter.CharacterEncodingFilter.doFilterInternal(CharacterEncodingFilter.java:201)
	at org.springframework.web.filter.OncePerRequestFilter.doFilter(OncePerRequestFilter.java:119)
	at org.apache.catalina.core.ApplicationFilterChain.internalDoFilter(ApplicationFilterChain.java:193)
	at org.apache.catalina.core.ApplicationFilterChain.doFilter(ApplicationFilterChain.java:166)
	at org.apache.catalina.core.StandardWrapperValve.invoke(StandardWrapperValve.java:202)
	at org.apache.catalina.core.StandardContextValve.invoke(StandardContextValve.java:97)
	at org.apache.catalina.authenticator.AuthenticatorBase.invoke(AuthenticatorBase.java:542)
	at org.apache.catalina.core.StandardHostValve.invoke(StandardHostValve.java:143)
	at org.apache.catalina.valves.ErrorReportValve.invoke(ErrorReportValve.java:92)
	at org.apache.catalina.core.StandardEngineValve.invoke(StandardEngineValve.java:78)
	at org.apache.catalina.connector.CoyoteAdapter.service(CoyoteAdapter.java:343)
	at org.apache.coyote.http11.Http11Processor.service(Http11Processor.java:374)
	at org.apache.coyote.AbstractProcessorLight.process(AbstractProcessorLight.java:65)
	at org.apache.coyote.AbstractProtocol$ConnectionHandler.process(AbstractProtocol.java:868)
	at org.apache.tomcat.util.net.NioEndpoint$SocketProcessor.doRun(NioEndpoint.java:1590)
	at org.apache.tomcat.util.net.SocketProcessorBase.run(SocketProcessorBase.java:49)
	at java.util.concurrent.ThreadPoolExecutor.runWorker(Unknown Source)
	at java.util.concurrent.ThreadPoolExecutor$Worker.run(Unknown Source)
	at org.apache.tomcat.util.threads.TaskThread$WrappingRunnable.run(TaskThread.java:61)
	at java.lang.Thread.run(Unknown Source)
Caused by: javax.crypto.AEADBadTagException: Tag mismatch!
	at com.sun.crypto.provider.GaloisCounterMode.decryptFinal(GaloisCounterMode.java:620)
	at com.sun.crypto.provider.CipherCore.finalNoPadding(CipherCore.java:1116)
	at com.sun.crypto.provider.CipherCore.fillOutputBuffer(CipherCore.java:1053)
	at com.sun.crypto.provider.CipherCore.doFinal(CipherCore.java:853)
	at com.sun.crypto.provider.AESCipher.engineDoFinal(AESCipher.java:446)
	at javax.crypto.Cipher.doFinal(Cipher.java:2168)
	at org.apache.shiro.crypto.JcaCipherService.crypt(JcaCipherService.java:459)
	... 55 common frames omitted
2021-12-08 20:22:05.044 [SpringContextShutdownHook] INFO  org.quartz.core.QuartzScheduler:585 - Scheduler MyScheduler_$_Sike-TB1638965940395 paused.
2021-12-08 20:22:05.233 [SpringContextShutdownHook] INFO  o.s.scheduling.concurrent.ThreadPoolTaskScheduler:218 - Shutting down ExecutorService 'taskScheduler'
2021-12-08 20:22:05.235 [SpringContextShutdownHook] INFO  o.s.scheduling.concurrent.ThreadPoolTaskExecutor:218 - Shutting down ExecutorService 'jmReportTaskExecutor'
2021-12-08 20:22:05.240 [SpringContextShutdownHook] INFO  o.s.scheduling.quartz.SchedulerFactoryBean:845 - Shutting down Quartz Scheduler
2021-12-08 20:22:05.240 [SpringContextShutdownHook] INFO  org.quartz.core.QuartzScheduler:666 - Scheduler MyScheduler_$_Sike-TB1638965940395 shutting down.
2021-12-08 20:22:05.240 [SpringContextShutdownHook] INFO  org.quartz.core.QuartzScheduler:585 - Scheduler MyScheduler_$_Sike-TB1638965940395 paused.
2021-12-08 20:22:05.241 [SpringContextShutdownHook] INFO  org.quartz.core.QuartzScheduler:740 - Scheduler MyScheduler_$_Sike-TB1638965940395 shutdown complete.
2021-12-08 20:22:05.249 [SpringContextShutdownHook] INFO  c.b.dynamic.datasource.DynamicRoutingDataSource:217 - dynamic-datasource start closing ....
2021-12-08 20:22:05.252 [SpringContextShutdownHook] INFO  com.alibaba.druid.pool.DruidDataSource:2029 - {dataSource-1} closing ...
2021-12-08 20:22:05.272 [SpringContextShutdownHook] INFO  com.alibaba.druid.pool.DruidDataSource:2101 - {dataSource-1} closed
2021-12-08 20:22:05.272 [SpringContextShutdownHook] INFO  c.b.dynamic.datasource.DynamicRoutingDataSource:221 - dynamic-datasource all closed success,bye
